<?xml version="1.0" encoding="UTF-8"?>
<TestRun id="8a22ddf3-24cc-4cab-a7ca-0e1b0596bc1e" name="NATAN@NATAN-PC 2012-12-18 17:00:09" runUser="NATAN-PC\NATAN" xmlns="http://microsoft.com/schemas/VisualStudio/TeamTest/2010">
  <TestSettings name="Local" id="a8ec491c-0fec-4300-89bc-b70f08832299">
    <Description>These are default test settings for a local test run.</Description>
    <Deployment enabled="false" runDeploymentRoot="NATAN_NATAN-PC 2012-12-18 17_00_09">
      <DeploymentItem filename="C:\Users\NATAN\Desktop\WindowsFormsApplication13\WindowsFormsApplication13\WindowsFormsApplication13\bin\Debug\WindowsFormsApplication13.exe" />
    </Deployment>
    <Execution>
      <TestTypeSpecific />
      <AgentRule name="Execution Agents">
      </AgentRule>
    </Execution>
  </TestSettings>
  <Times creation="2012-12-18T17:00:09.0523427+02:00" queuing="2012-12-18T17:00:11.4244784+02:00" start="2012-12-18T17:00:11.5354847+02:00" finish="2012-12-18T17:00:19.8149583+02:00" />
  <ResultSummary outcome="Completed">
    <Counters total="1" executed="1" passed="1" error="0" failed="0" timeout="0" aborted="0" inconclusive="0" passedButRunAborted="0" notRunnable="0" notExecuted="0" disconnected="0" warning="0" completed="0" inProgress="0" pending="0" />
  </ResultSummary>
  <TestDefinitions>
    <UnitTest name="get_all_sprint_daysTest" storage="c:\users\natan\desktop\windowsformsapplication13\windowsformsapplication13\testproject1\bin\debug\testproject1.dll" id="220304d0-46b7-5457-4d65-d4797e6ca438">
      <Execution id="a5da3c5f-5924-479e-b65d-5c7bc67abc0e" />
      <TestMethod codeBase="C:/Users/NATAN/Desktop/WindowsFormsApplication13/WindowsFormsApplication13/TestProject1/bin/Debug/TestProject1.DLL" adapterTypeName="Microsoft.VisualStudio.TestTools.TestTypes.Unit.UnitTestAdapter, Microsoft.VisualStudio.QualityTools.Tips.UnitTest.Adapter, Version=10.0.0.0, Culture=neutral, PublicKeyToken=b03f5f7f11d50a3a" className="TestProject1.DataManagerTest, TestProject1, Version=1.0.0.0, Culture=neutral, PublicKeyToken=null" name="get_all_sprint_daysTest" />
    </UnitTest>
  </TestDefinitions>
  <TestLists>
    <TestList name="Results Not in a List" id="8c84fa94-04c1-424b-9868-57a2d4851a1d" />
    <TestList name="All Loaded Results" id="19431567-8539-422a-85d7-44ee4e166bda" />
  </TestLists>
  <TestEntries>
    <TestEntry testId="220304d0-46b7-5457-4d65-d4797e6ca438" executionId="a5da3c5f-5924-479e-b65d-5c7bc67abc0e" testListId="8c84fa94-04c1-424b-9868-57a2d4851a1d" />
  </TestEntries>
  <Results>
    <UnitTestResult executionId="a5da3c5f-5924-479e-b65d-5c7bc67abc0e" testId="220304d0-46b7-5457-4d65-d4797e6ca438" testName="get_all_sprint_daysTest" computerName="NATAN-PC" duration="00:00:06.1822857" startTime="2012-12-18T17:00:11.5874877+02:00" endTime="2012-12-18T17:00:18.2598693+02:00" testType="13cdc9d9-ddb5-4fa4-a97d-d965ccfc6d4b" outcome="Passed" testListId="8c84fa94-04c1-424b-9868-57a2d4851a1d" relativeResultsDirectory="a5da3c5f-5924-479e-b65d-5c7bc67abc0e">
    </UnitTestResult>
  </Results>
</TestRun>