<?xml version="1.0" encoding="UTF-8"?>
<TestRun id="a8f02635-ce6c-4858-8948-4eb73315e33f" name="NATAN@NATAN-PC 2012-12-18 23:00:52" runUser="NATAN-PC\NATAN" xmlns="http://microsoft.com/schemas/VisualStudio/TeamTest/2010">
  <TestSettings name="Local" id="a8ec491c-0fec-4300-89bc-b70f08832299">
    <Description>These are default test settings for a local test run.</Description>
    <Deployment enabled="false" runDeploymentRoot="NATAN_NATAN-PC 2012-12-18 23_00_52">
      <DeploymentItem filename="C:\Users\NATAN\Desktop\WindowsFormsApplication13\WindowsFormsApplication13\WindowsFormsApplication13\bin\Debug\WindowsFormsApplication13.exe" />
    </Deployment>
    <Execution>
      <TestTypeSpecific />
      <AgentRule name="Execution Agents">
      </AgentRule>
    </Execution>
  </TestSettings>
  <Times creation="2012-12-18T23:00:52.3142665+02:00" queuing="2012-12-18T23:00:52.3682696+02:00" start="2012-12-18T23:00:52.3842705+02:00" finish="2012-12-18T23:00:53.0963112+02:00" />
  <ResultSummary outcome="Failed">
    <Counters total="1" executed="1" error="0" failed="1" timeout="0" aborted="0" inconclusive="0" passedButRunAborted="0" notRunnable="0" notExecuted="0" disconnected="0" warning="0" passed="0" completed="0" inProgress="0" pending="0" />
  </ResultSummary>
  <TestDefinitions>
    <UnitTest name="update_programmer_nameTest" storage="c:\users\natan\desktop\windowsformsapplication13\windowsformsapplication13\testproject1\bin\debug\testproject1.dll" id="89115eaf-86c4-8ca2-5270-24c9cfdda079">
      <Execution id="8a882286-78e8-4162-a894-7cbca830e8d5" />
      <TestMethod codeBase="C:/Users/NATAN/Desktop/WindowsFormsApplication13/WindowsFormsApplication13/TestProject1/bin/Debug/TestProject1.DLL" adapterTypeName="Microsoft.VisualStudio.TestTools.TestTypes.Unit.UnitTestAdapter, Microsoft.VisualStudio.QualityTools.Tips.UnitTest.Adapter, Version=10.0.0.0, Culture=neutral, PublicKeyToken=b03f5f7f11d50a3a" className="TestProject1.DataManagerTest, TestProject1, Version=1.0.0.0, Culture=neutral, PublicKeyToken=null" name="update_programmer_nameTest" />
    </UnitTest>
  </TestDefinitions>
  <TestLists>
    <TestList name="Results Not in a List" id="8c84fa94-04c1-424b-9868-57a2d4851a1d" />
    <TestList name="All Loaded Results" id="19431567-8539-422a-85d7-44ee4e166bda" />
  </TestLists>
  <TestEntries>
    <TestEntry testId="89115eaf-86c4-8ca2-5270-24c9cfdda079" executionId="8a882286-78e8-4162-a894-7cbca830e8d5" testListId="8c84fa94-04c1-424b-9868-57a2d4851a1d" />
  </TestEntries>
  <Results>
    <UnitTestResult executionId="8a882286-78e8-4162-a894-7cbca830e8d5" testId="89115eaf-86c4-8ca2-5270-24c9cfdda079" testName="update_programmer_nameTest" computerName="NATAN-PC" duration="00:00:00.4148753" startTime="2012-12-18T23:00:52.3912709+02:00" endTime="2012-12-18T23:00:53.0713098+02:00" testType="13cdc9d9-ddb5-4fa4-a97d-d965ccfc6d4b" outcome="Failed" testListId="8c84fa94-04c1-424b-9868-57a2d4851a1d" relativeResultsDirectory="8a882286-78e8-4162-a894-7cbca830e8d5">
      <Output>
        <ErrorInfo>
          <Message>Assert.AreEqual failed. Expected:&lt;0&gt;. Actual:&lt;-1&gt;. </Message>
          <StackTrace>   at TestProject1.DataManagerTest.update_programmer_nameTest() in C:\Users\NATAN\Desktop\WindowsFormsApplication13\WindowsFormsApplication13\TestProject1\DataManagerTest.cs:line 328
</StackTrace>
        </ErrorInfo>
      </Output>
    </UnitTestResult>
  </Results>
</TestRun>