<?xml version="1.0" encoding="UTF-8"?>
<TestRun id="cf82b54f-3963-4376-a0d8-e03c2f89b474" name="NATAN@NATAN-PC 2012-12-18 17:07:14" runUser="NATAN-PC\NATAN" xmlns="http://microsoft.com/schemas/VisualStudio/TeamTest/2010">
  <TestSettings name="Local" id="a8ec491c-0fec-4300-89bc-b70f08832299">
    <Description>These are default test settings for a local test run.</Description>
    <Deployment enabled="false" runDeploymentRoot="NATAN_NATAN-PC 2012-12-18 17_07_14">
      <DeploymentItem filename="C:\Users\NATAN\Desktop\WindowsFormsApplication13\WindowsFormsApplication13\WindowsFormsApplication13\bin\Debug\WindowsFormsApplication13.exe" />
    </Deployment>
    <Execution>
      <TestTypeSpecific />
      <AgentRule name="Execution Agents">
      </AgentRule>
    </Execution>
  </TestSettings>
  <Times creation="2012-12-18T17:07:14.6586860+02:00" queuing="2012-12-18T17:07:14.7136891+02:00" start="2012-12-18T17:07:14.7376905+02:00" finish="2012-12-18T18:56:18.0109443+02:00" />
  <ResultSummary outcome="Timeout">
    <Counters total="1" executed="1" error="0" failed="0" timeout="1" aborted="0" inconclusive="0" passedButRunAborted="0" notRunnable="0" notExecuted="0" disconnected="0" warning="0" passed="0" completed="0" inProgress="0" pending="0" />
    <RunInfos>
      <RunInfo computerName="NATAN-PC" outcome="Warning" timestamp="2012-12-18T17:07:14.7126891+02:00">
        <Text>Deployment is currently disabled. The deployment item 'WindowsFormsApplication13.exe' on test 'TestProject1.DataManagerTest.add_new_storyTest' was not deployed.</Text>
      </RunInfo>
    </RunInfos>
  </ResultSummary>
  <TestDefinitions>
    <UnitTest name="add_new_storyTest" storage="c:\users\natan\desktop\windowsformsapplication13\windowsformsapplication13\testproject1\bin\debug\testproject1.dll" id="3d892a6f-4158-283f-fa2f-39edf2d0a93c">
      <DeploymentItems>
        <DeploymentItem filename="WindowsFormsApplication13.exe" />
      </DeploymentItems>
      <Execution id="c6ac8d73-7f03-4fb6-b47c-3e0c3b5c9976" />
      <TestMethod codeBase="C:/Users/NATAN/Desktop/WindowsFormsApplication13/WindowsFormsApplication13/TestProject1/bin/Debug/TestProject1.DLL" adapterTypeName="Microsoft.VisualStudio.TestTools.TestTypes.Unit.UnitTestAdapter, Microsoft.VisualStudio.QualityTools.Tips.UnitTest.Adapter, Version=10.0.0.0, Culture=neutral, PublicKeyToken=b03f5f7f11d50a3a" className="TestProject1.DataManagerTest, TestProject1, Version=1.0.0.0, Culture=neutral, PublicKeyToken=null" name="add_new_storyTest" />
    </UnitTest>
  </TestDefinitions>
  <TestLists>
    <TestList name="Results Not in a List" id="8c84fa94-04c1-424b-9868-57a2d4851a1d" />
    <TestList name="All Loaded Results" id="19431567-8539-422a-85d7-44ee4e166bda" />
  </TestLists>
  <TestEntries>
    <TestEntry testId="3d892a6f-4158-283f-fa2f-39edf2d0a93c" executionId="c6ac8d73-7f03-4fb6-b47c-3e0c3b5c9976" testListId="8c84fa94-04c1-424b-9868-57a2d4851a1d" />
  </TestEntries>
  <Results>
    <UnitTestResult executionId="c6ac8d73-7f03-4fb6-b47c-3e0c3b5c9976" testId="3d892a6f-4158-283f-fa2f-39edf2d0a93c" testName="add_new_storyTest" computerName="NATAN-PC" duration="01:48:46.8513146" startTime="2012-12-18T17:07:14.7416907+02:00" endTime="2012-12-18T18:56:01.5930053+02:00" testType="13cdc9d9-ddb5-4fa4-a97d-d965ccfc6d4b" outcome="Timeout" testListId="8c84fa94-04c1-424b-9868-57a2d4851a1d" relativeResultsDirectory="c6ac8d73-7f03-4fb6-b47c-3e0c3b5c9976">
      <Output>
        <ErrorInfo>
          <Message>Test 'add_new_storyTest' exceeded execution timeout period.</Message>
        </ErrorInfo>
      </Output>
    </UnitTestResult>
  </Results>
</TestRun>