<?xml version="1.0" encoding="UTF-8"?>
<TestRun id="ff451851-7782-48d6-91fb-3ff2ee981e69" name="NATAN@NATAN-PC 2012-12-18 17:04:09" runUser="NATAN-PC\NATAN" xmlns="http://microsoft.com/schemas/VisualStudio/TeamTest/2010">
  <TestSettings name="Local" id="a8ec491c-0fec-4300-89bc-b70f08832299">
    <Description>These are default test settings for a local test run.</Description>
    <Deployment enabled="false" runDeploymentRoot="NATAN_NATAN-PC 2012-12-18 17_04_09">
      <DeploymentItem filename="C:\Users\NATAN\Desktop\WindowsFormsApplication13\WindowsFormsApplication13\WindowsFormsApplication13\bin\Debug\WindowsFormsApplication13.exe" />
    </Deployment>
    <Execution>
      <TestTypeSpecific />
      <AgentRule name="Execution Agents">
      </AgentRule>
    </Execution>
  </TestSettings>
  <Times creation="2012-12-18T17:04:09.1300743+02:00" queuing="2012-12-18T17:04:09.1920779+02:00" start="2012-12-18T17:04:09.2130791+02:00" finish="2012-12-18T17:04:10.0051244+02:00" />
  <ResultSummary outcome="Failed">
    <Counters total="1" executed="1" error="0" failed="1" timeout="0" aborted="0" inconclusive="0" passedButRunAborted="0" notRunnable="0" notExecuted="0" disconnected="0" warning="0" passed="0" completed="0" inProgress="0" pending="0" />
  </ResultSummary>
  <TestDefinitions>
    <UnitTest name="update_day_statusTest" storage="c:\users\natan\desktop\windowsformsapplication13\windowsformsapplication13\testproject1\bin\debug\testproject1.dll" id="9cc19a6e-a6d6-2ff0-935e-99439b6054a8">
      <Execution id="09b2cbca-edf1-422c-8487-4135791e91a7" />
      <TestMethod codeBase="C:/Users/NATAN/Desktop/WindowsFormsApplication13/WindowsFormsApplication13/TestProject1/bin/Debug/TestProject1.DLL" adapterTypeName="Microsoft.VisualStudio.TestTools.TestTypes.Unit.UnitTestAdapter, Microsoft.VisualStudio.QualityTools.Tips.UnitTest.Adapter, Version=10.0.0.0, Culture=neutral, PublicKeyToken=b03f5f7f11d50a3a" className="TestProject1.DataManagerTest, TestProject1, Version=1.0.0.0, Culture=neutral, PublicKeyToken=null" name="update_day_statusTest" />
    </UnitTest>
  </TestDefinitions>
  <TestLists>
    <TestList name="Results Not in a List" id="8c84fa94-04c1-424b-9868-57a2d4851a1d" />
    <TestList name="All Loaded Results" id="19431567-8539-422a-85d7-44ee4e166bda" />
  </TestLists>
  <TestEntries>
    <TestEntry testId="9cc19a6e-a6d6-2ff0-935e-99439b6054a8" executionId="09b2cbca-edf1-422c-8487-4135791e91a7" testListId="8c84fa94-04c1-424b-9868-57a2d4851a1d" />
  </TestEntries>
  <Results>
    <UnitTestResult executionId="09b2cbca-edf1-422c-8487-4135791e91a7" testId="9cc19a6e-a6d6-2ff0-935e-99439b6054a8" testName="update_day_statusTest" computerName="NATAN-PC" duration="00:00:00.4627905" startTime="2012-12-18T17:04:09.2260798+02:00" endTime="2012-12-18T17:04:09.9641220+02:00" testType="13cdc9d9-ddb5-4fa4-a97d-d965ccfc6d4b" outcome="Failed" testListId="8c84fa94-04c1-424b-9868-57a2d4851a1d" relativeResultsDirectory="09b2cbca-edf1-422c-8487-4135791e91a7">
      <Output>
        <ErrorInfo>
          <Message>Assert.AreEqual failed. Expected:&lt;0&gt;. Actual:&lt;-1&gt;. </Message>
          <StackTrace>   at TestProject1.DataManagerTest.update_day_statusTest() in C:\Users\NATAN\Desktop\WindowsFormsApplication13\WindowsFormsApplication13\TestProject1\DataManagerTest.cs:line 113
</StackTrace>
        </ErrorInfo>
      </Output>
    </UnitTestResult>
  </Results>
</TestRun>